{"C:\\Users\\victo\\OneDrive\\Desktop\\Data Science\\node_test\\sum.js": {"path":"C:\\Users\\victo\\OneDrive\\Desktop\\Data Science\\node_test\\sum.js","statementMap":{"0":{"start":{"line":1,"column":0},"end":{"line":3,"column":1}},"1":{"start":{"line":2,"column":4},"end":{"line":2,"column":20}}},"fnMap":{"0":{"name":"sum","decl":{"start":{"line":1,"column":23},"end":{"line":1,"column":26}},"loc":{"start":{"line":1,"column":32},"end":{"line":3,"column":1}},"line":1}},"branchMap":{},"s":{"0":1,"1":1},"f":{"0":1},"b":{},"_coverageSchema":"1a1c01bbd47fc00a2c39e90264f33305004495a9","hash":"d6254dc6626295eb5e396d7076295c2780f431e7"}
}
